# JRE version: OpenJDK Runtime Environment (8.0_152-b01) (build 1.8.0_152-release-1248-b01)
# Java VM: OpenJDK 64-Bit Server VM (25.152-b01 mixed mode linux-amd64 compressed oops)
Heap:
 PSYoungGen      total 472576K, used 0K [0x00000000e0000000, 0x0000000100000000, 0x0000000100000000)
  eden space 420352K, 0% used [0x00000000e0000000,0x00000000e0000000,0x00000000f9a80000)
  from space 52224K, 0% used [0x00000000fca80000,0x00000000fca80000,0x00000000ffd80000)
  to   space 49152K, 0% used [0x00000000f9a80000,0x00000000f9a80000,0x00000000fca80000)
 ParOldGen       total 272896K, used 194846K [0x00000000a0000000, 0x00000000b0a80000, 0x00000000e0000000)
  object space 272896K, 71% used [0x00000000a0000000,0x00000000abe47810,0x00000000b0a80000)
 Metaspace       used 90795K, capacity 93960K, committed 95536K, reserved 1132544K
  class space    used 11325K, capacity 11977K, committed 12336K, reserved 1048576K
GC Heap History (10 events):
Event: 5195,247 GC heap after
Heap after GC invocations=26 (full 4):
 PSYoungGen      total 435200K, used 40959K [0x00000000e0000000, 0x0000000100000000, 0x0000000100000000)
  eden space 394240K, 0% used [0x00000000e0000000,0x00000000e0000000,0x00000000f8100000)
  from space 40960K, 99% used [0x00000000f8100000,0x00000000fa8ffc80,0x00000000fa900000)
  to   space 52736K, 0% used [0x00000000fcc80000,0x00000000fcc80000,0x0000000100000000)
 ParOldGen       total 254464K, used 150018K [0x00000000a0000000, 0x00000000af880000, 0x00000000e0000000)
  object space 254464K, 58% used [0x00000000a0000000,0x00000000a9280a48,0x00000000af880000)
 Metaspace       used 81109K, capacity 83622K, committed 84144K, reserved 1122304K
  class space    used 10243K, capacity 10826K, committed 10928K, reserved 1048576K
}
Event: 5204,684 GC heap before
{Heap before GC invocations=27 (full 4):
 PSYoungGen      total 435200K, used 435199K [0x00000000e0000000, 0x0000000100000000, 0x0000000100000000)
  eden space 394240K, 100% used [0x00000000e0000000,0x00000000f8100000,0x00000000f8100000)
  from space 40960K, 99% used [0x00000000f8100000,0x00000000fa8ffc80,0x00000000fa900000)
  to   space 52736K, 0% used [0x00000000fcc80000,0x00000000fcc80000,0x0000000100000000)
 ParOldGen       total 254464K, used 150018K [0x00000000a0000000, 0x00000000af880000, 0x00000000e0000000)
  object space 254464K, 58% used [0x00000000a0000000,0x00000000a9280a48,0x00000000af880000)
 Metaspace       used 90019K, capacity 93368K, committed 93616K, reserved 1130496K
  class space    used 11346K, capacity 12069K, committed 12208K, reserved 1048576K
Event: 5204,919 GC heap after
Heap after GC invocations=27 (full 4):
 PSYoungGen      total 468480K, used 31731K [0x00000000e0000000, 0x0000000100000000, 0x0000000100000000)
  eden space 415744K, 0% used [0x00000000e0000000,0x00000000e0000000,0x00000000f9600000)
  from space 52736K, 60% used [0x00000000fcc80000,0x00000000feb7cfc0,0x0000000100000000)
  to   space 54272K, 0% used [0x00000000f9600000,0x00000000f9600000,0x00000000fcb00000)
 ParOldGen       total 254464K, used 157290K [0x00000000a0000000, 0x00000000af880000, 0x00000000e0000000)
  object space 254464K, 61% used [0x00000000a0000000,0x00000000a999aab8,0x00000000af880000)
 Metaspace       used 90019K, capacity 93368K, committed 93616K, reserved 1130496K
  class space    used 11346K, capacity 12069K, committed 12208K, reserved 1048576K
}
Event: 5210,568 GC heap before
{Heap before GC invocations=28 (full 4):
 PSYoungGen      total 468480K, used 447475K [0x00000000e0000000, 0x0000000100000000, 0x0000000100000000)
  eden space 415744K, 100% used [0x00000000e0000000,0x00000000f9600000,0x00000000f9600000)
  from space 52736K, 60% used [0x00000000fcc80000,0x00000000feb7cfc0,0x0000000100000000)
  to   space 54272K, 0% used [0x00000000f9600000,0x00000000f9600000,0x00000000fcb00000)
 ParOldGen       total 254464K, used 157290K [0x00000000a0000000, 0x00000000af880000, 0x00000000e0000000)
  object space 254464K, 61% used [0x00000000a0000000,0x00000000a999aab8,0x00000000af880000)
 Metaspace       used 90781K, capacity 94192K, committed 94384K, reserved 1132544K
  class space    used 11381K, capacity 12107K, committed 12208K, reserved 1048576K
Event: 5210,732 GC heap after
Heap after GC invocations=28 (full 4):
 PSYoungGen      total 426496K, used 10524K [0x00000000e0000000, 0x00000000ffd80000, 0x0000000100000000)
  eden space 415744K, 0% used [0x00000000e0000000,0x00000000e0000000,0x00000000f9600000)
  from space 10752K, 97% used [0x00000000f9600000,0x00000000fa047008,0x00000000fa080000)
  to   space 52224K, 0% used [0x00000000fca80000,0x00000000fca80000,0x00000000ffd80000)
 ParOldGen       total 254464K, used 174588K [0x00000000a0000000, 0x00000000af880000, 0x00000000e0000000)
  object space 254464K, 68% used [0x00000000a0000000,0x00000000aaa7f3f8,0x00000000af880000)
 Metaspace       used 90781K, capacity 94192K, committed 94384K, reserved 1132544K
  class space    used 11381K, capacity 12107K, committed 12208K, reserved 1048576K
}
Event: 5217,334 GC heap before
{Heap before GC invocations=29 (full 4):
 PSYoungGen      total 426496K, used 426268K [0x00000000e0000000, 0x00000000ffd80000, 0x0000000100000000)
  eden space 415744K, 100% used [0x00000000e0000000,0x00000000f9600000,0x00000000f9600000)
  from space 10752K, 97% used [0x00000000f9600000,0x00000000fa047008,0x00000000fa080000)
  to   space 52224K, 0% used [0x00000000fca80000,0x00000000fca80000,0x00000000ffd80000)
 ParOldGen       total 254464K, used 174588K [0x00000000a0000000, 0x00000000af880000, 0x00000000e0000000)
  object space 254464K, 68% used [0x00000000a0000000,0x00000000aaa7f3f8,0x00000000af880000)
 Metaspace       used 91035K, capacity 94506K, committed 94640K, reserved 1132544K
  class space    used 11393K, capacity 12142K, committed 12208K, reserved 1048576K
Event: 5217,376 GC heap after
Heap after GC invocations=29 (full 4):
 PSYoungGen      total 472576K, used 16361K [0x00000000e0000000, 0x0000000100000000, 0x0000000100000000)
  eden space 420352K, 0% used [0x00000000e0000000,0x00000000e0000000,0x00000000f9a80000)
  from space 52224K, 31% used [0x00000000fca80000,0x00000000fda7a430,0x00000000ffd80000)
  to   space 49152K, 0% used [0x00000000f9a80000,0x00000000f9a80000,0x00000000fca80000)
 ParOldGen       total 254464K, used 180414K [0x00000000a0000000, 0x00000000af880000, 0x00000000e0000000)
  object space 254464K, 70% used [0x00000000a0000000,0x00000000ab02fab8,0x00000000af880000)
 Metaspace       used 91035K, capacity 94506K, committed 94640K, reserved 1132544K
  class space    used 11393K, capacity 12142K, committed 12208K, reserved 1048576K
}
Event: 5222,124 GC heap before
{Heap before GC invocations=30 (full 4):
 PSYoungGen      total 472576K, used 436713K [0x00000000e0000000, 0x0000000100000000, 0x0000000100000000)
  eden space 420352K, 100% used [0x00000000e0000000,0x00000000f9a80000,0x00000000f9a80000)
  from space 52224K, 31% used [0x00000000fca80000,0x00000000fda7a430,0x00000000ffd80000)
  to   space 49152K, 0% used [0x00000000f9a80000,0x00000000f9a80000,0x00000000fca80000)
 ParOldGen       total 254464K, used 180414K [0x00000000a0000000, 0x00000000af880000, 0x00000000e0000000)
  object space 254464K, 70% used [0x00000000a0000000,0x00000000ab02fab8,0x00000000af880000)
 Metaspace       used 91666K, capacity 95178K, committed 95536K, reserved 1132544K
  class space    used 11462K, capacity 12196K, committed 12336K, reserved 1048576K
Event: 5222,771 GC heap after
Heap after GC invocations=30 (full 4):
 PSYoungGen      total 472576K, used 436713K [0x00000000e0000000, 0x0000000100000000, 0x0000000100000000)
  eden space 420352K, 100% used [0x00000000e0000000,0x00000000f9a80000,0x00000000f9a80000)
  from space 52224K, 31% used [0x00000000fca80000,0x00000000fda7a430,0x00000000ffd80000)
  to   space 49152K, 99% used [0x00000000f9a80000,0x00000000fca7c7e0,0x00000000fca80000)
 ParOldGen       total 272896K, used 272843K [0x00000000a0000000, 0x00000000b0a80000, 0x00000000e0000000)
  object space 272896K, 99% used [0x00000000a0000000,0x00000000b0a72ca8,0x00000000b0a80000)
 Metaspace       used 91666K, capacity 95178K, committed 95536K, reserved 1132544K
  class space    used 11462K, capacity 12196K, committed 12336K, reserved 1048576K
}
Event: 5222,775 GC heap before
{Heap before GC invocations=31 (full 5):
 PSYoungGen      total 472576K, used 436713K [0x00000000e0000000, 0x0000000100000000, 0x0000000100000000)
  eden space 420352K, 100% used [0x00000000e0000000,0x00000000f9a80000,0x00000000f9a80000)
  from space 52224K, 31% used [0x00000000fca80000,0x00000000fda7a430,0x00000000ffd80000)
  to   space 49152K, 99% used [0x00000000f9a80000,0x00000000fca7c7e0,0x00000000fca80000)
 ParOldGen       total 272896K, used 272843K [0x00000000a0000000, 0x00000000b0a80000, 0x00000000e0000000)
  object space 272896K, 99% used [0x00000000a0000000,0x00000000b0a72ca8,0x00000000b0a80000)
 Metaspace       used 91666K, capacity 95178K, committed 95536K, reserved 1132544K
  class space    used 11462K, capacity 12196K, committed 12336K, reserved 1048576K

