# JRE version: OpenJDK Runtime Environment (8.0_152-b01) (build 1.8.0_152-release-1248-b01)
# Java VM: OpenJDK 64-Bit Server VM (25.152-b01 mixed mode linux-amd64 compressed oops)
Heap:
 PSYoungGen      total 254464K, used 65019K [0x00000000e0000000, 0x00000000f5e00000, 0x0000000100000000)
  eden space 189440K, 0% used [0x00000000e0000000,0x00000000e0000000,0x00000000eb900000)
  from space 65024K, 99% used [0x00000000f1e80000,0x00000000f5dfed80,0x00000000f5e00000)
  to   space 67584K, 0% used [0x00000000eb900000,0x00000000eb900000,0x00000000efb00000)
 ParOldGen       total 260608K, used 260039K [0x00000000a0000000, 0x00000000afe80000, 0x00000000e0000000)
  object space 260608K, 99% used [0x00000000a0000000,0x00000000afdf1c38,0x00000000afe80000)
 Metaspace       used 65866K, capacity 68068K, committed 68392K, reserved 1107968K
  class space    used 8916K, capacity 9429K, committed 9520K, reserved 1048576K
GC Heap History (10 events):
Event: 23,552 GC heap after
Heap after GC invocations=19 (full 3):
 PSYoungGen      total 182272K, used 23022K [0x00000000e0000000, 0x00000000f3200000, 0x0000000100000000)
  eden space 159232K, 0% used [0x00000000e0000000,0x00000000e0000000,0x00000000e9b80000)
  from space 23040K, 99% used [0x00000000eca80000,0x00000000ee0fb908,0x00000000ee100000)
  to   space 48128K, 0% used [0x00000000e9b80000,0x00000000e9b80000,0x00000000eca80000)
 ParOldGen       total 113664K, used 112141K [0x00000000a0000000, 0x00000000a6f00000, 0x00000000e0000000)
  object space 113664K, 98% used [0x00000000a0000000,0x00000000a6d83618,0x00000000a6f00000)
 Metaspace       used 63680K, capacity 65600K, committed 65832K, reserved 1105920K
  class space    used 8692K, capacity 9155K, committed 9264K, reserved 1048576K
}
Event: 23,552 GC heap before
{Heap before GC invocations=20 (full 4):
 PSYoungGen      total 182272K, used 23022K [0x00000000e0000000, 0x00000000f3200000, 0x0000000100000000)
  eden space 159232K, 0% used [0x00000000e0000000,0x00000000e0000000,0x00000000e9b80000)
  from space 23040K, 99% used [0x00000000eca80000,0x00000000ee0fb908,0x00000000ee100000)
  to   space 48128K, 0% used [0x00000000e9b80000,0x00000000e9b80000,0x00000000eca80000)
 ParOldGen       total 113664K, used 112141K [0x00000000a0000000, 0x00000000a6f00000, 0x00000000e0000000)
  object space 113664K, 98% used [0x00000000a0000000,0x00000000a6d83618,0x00000000a6f00000)
 Metaspace       used 63680K, capacity 65600K, committed 65832K, reserved 1105920K
  class space    used 8692K, capacity 9155K, committed 9264K, reserved 1048576K
Event: 24,417 GC heap after
Heap after GC invocations=20 (full 4):
 PSYoungGen      total 182272K, used 14246K [0x00000000e0000000, 0x00000000f3200000, 0x0000000100000000)
  eden space 159232K, 0% used [0x00000000e0000000,0x00000000e0000000,0x00000000e9b80000)
  from space 23040K, 61% used [0x00000000eca80000,0x00000000ed8699b0,0x00000000ee100000)
  to   space 48128K, 0% used [0x00000000e9b80000,0x00000000e9b80000,0x00000000eca80000)
 ParOldGen       total 237568K, used 112444K [0x00000000a0000000, 0x00000000ae800000, 0x00000000e0000000)
  object space 237568K, 47% used [0x00000000a0000000,0x00000000a6dcf138,0x00000000ae800000)
 Metaspace       used 63664K, capacity 65552K, committed 65832K, reserved 1105920K
  class space    used 8686K, capacity 9145K, committed 9264K, reserved 1048576K
}
Event: 27,142 GC heap before
{Heap before GC invocations=21 (full 4):
 PSYoungGen      total 182272K, used 173478K [0x00000000e0000000, 0x00000000f3200000, 0x0000000100000000)
  eden space 159232K, 100% used [0x00000000e0000000,0x00000000e9b80000,0x00000000e9b80000)
  from space 23040K, 61% used [0x00000000eca80000,0x00000000ed8699b0,0x00000000ee100000)
  to   space 48128K, 0% used [0x00000000e9b80000,0x00000000e9b80000,0x00000000eca80000)
 ParOldGen       total 237568K, used 112444K [0x00000000a0000000, 0x00000000ae800000, 0x00000000e0000000)
  object space 237568K, 47% used [0x00000000a0000000,0x00000000a6dcf138,0x00000000ae800000)
 Metaspace       used 64867K, capacity 66808K, committed 66984K, reserved 1107968K
  class space    used 8819K, capacity 9303K, committed 9392K, reserved 1048576K
Event: 27,300 GC heap after
Heap after GC invocations=21 (full 4):
 PSYoungGen      total 207360K, used 48119K [0x00000000e0000000, 0x00000000f3b80000, 0x0000000100000000)
  eden space 159232K, 0% used [0x00000000e0000000,0x00000000e0000000,0x00000000e9b80000)
  from space 48128K, 99% used [0x00000000e9b80000,0x00000000eca7ded0,0x00000000eca80000)
  to   space 66048K, 0% used [0x00000000efb00000,0x00000000efb00000,0x00000000f3b80000)
 ParOldGen       total 237568K, used 137780K [0x00000000a0000000, 0x00000000ae800000, 0x00000000e0000000)
  object space 237568K, 57% used [0x00000000a0000000,0x00000000a868d360,0x00000000ae800000)
 Metaspace       used 64867K, capacity 66808K, committed 66984K, reserved 1107968K
  class space    used 8819K, capacity 9303K, committed 9392K, reserved 1048576K
}
Event: 29,691 GC heap before
{Heap before GC invocations=22 (full 4):
 PSYoungGen      total 207360K, used 207351K [0x00000000e0000000, 0x00000000f3b80000, 0x0000000100000000)
  eden space 159232K, 100% used [0x00000000e0000000,0x00000000e9b80000,0x00000000e9b80000)
  from space 48128K, 99% used [0x00000000e9b80000,0x00000000eca7ded0,0x00000000eca80000)
  to   space 66048K, 0% used [0x00000000efb00000,0x00000000efb00000,0x00000000f3b80000)
 ParOldGen       total 237568K, used 137780K [0x00000000a0000000, 0x00000000ae800000, 0x00000000e0000000)
  object space 237568K, 57% used [0x00000000a0000000,0x00000000a868d360,0x00000000ae800000)
 Metaspace       used 65432K, capacity 67410K, committed 67496K, reserved 1107968K
  class space    used 8875K, capacity 9354K, committed 9392K, reserved 1048576K
Event: 29,889 GC heap after
Heap after GC invocations=22 (full 4):
 PSYoungGen      total 255488K, used 38770K [0x00000000e0000000, 0x00000000f4100000, 0x0000000100000000)
  eden space 189440K, 0% used [0x00000000e0000000,0x00000000e0000000,0x00000000eb900000)
  from space 66048K, 58% used [0x00000000efb00000,0x00000000f20dc990,0x00000000f3b80000)
  to   space 67584K, 0% used [0x00000000eb900000,0x00000000eb900000,0x00000000efb00000)
 ParOldGen       total 237568K, used 185951K [0x00000000a0000000, 0x00000000ae800000, 0x00000000e0000000)
  object space 237568K, 78% used [0x00000000a0000000,0x00000000ab597ce0,0x00000000ae800000)
 Metaspace       used 65432K, capacity 67410K, committed 67496K, reserved 1107968K
  class space    used 8875K, capacity 9354K, committed 9392K, reserved 1048576K
}
Event: 33,078 GC heap before
{Heap before GC invocations=23 (full 4):
 PSYoungGen      total 255488K, used 223267K [0x00000000e0000000, 0x00000000f4100000, 0x0000000100000000)
  eden space 189440K, 97% used [0x00000000e0000000,0x00000000eb42c3c0,0x00000000eb900000)
  from space 66048K, 58% used [0x00000000efb00000,0x00000000f20dc990,0x00000000f3b80000)
  to   space 67584K, 0% used [0x00000000eb900000,0x00000000eb900000,0x00000000efb00000)
 ParOldGen       total 237568K, used 185951K [0x00000000a0000000, 0x00000000ae800000, 0x00000000e0000000)
  object space 237568K, 78% used [0x00000000a0000000,0x00000000ab597ce0,0x00000000ae800000)
 Metaspace       used 65840K, capacity 68068K, committed 68392K, reserved 1107968K
  class space    used 8914K, capacity 9429K, committed 9520K, reserved 1048576K
Event: 33,210 GC heap after
Heap after GC invocations=23 (full 4):
 PSYoungGen      total 257024K, used 29321K [0x00000000e0000000, 0x00000000f5e00000, 0x0000000100000000)
  eden space 189440K, 0% used [0x00000000e0000000,0x00000000e0000000,0x00000000eb900000)
  from space 67584K, 43% used [0x00000000eb900000,0x00000000ed5a2488,0x00000000efb00000)
  to   space 65024K, 0% used [0x00000000f1e80000,0x00000000f1e80000,0x00000000f5e00000)
 ParOldGen       total 237568K, used 190095K [0x00000000a0000000, 0x00000000ae800000, 0x00000000e0000000)
  object space 237568K, 80% used [0x00000000a0000000,0x00000000ab9a3da0,0x00000000ae800000)
 Metaspace       used 65840K, capacity 68068K, committed 68392K, reserved 1107968K
  class space    used 8914K, capacity 9429K, committed 9520K, reserved 1048576K
}
Event: 34,981 GC heap before
{Heap before GC invocations=24 (full 4):
 PSYoungGen      total 257024K, used 218761K [0x00000000e0000000, 0x00000000f5e00000, 0x0000000100000000)
  eden space 189440K, 100% used [0x00000000e0000000,0x00000000eb900000,0x00000000eb900000)
  from space 67584K, 43% used [0x00000000eb900000,0x00000000ed5a2488,0x00000000efb00000)
  to   space 65024K, 0% used [0x00000000f1e80000,0x00000000f1e80000,0x00000000f5e00000)
 ParOldGen       total 237568K, used 190095K [0x00000000a0000000, 0x00000000ae800000, 0x00000000e0000000)
  object space 237568K, 80% used [0x00000000a0000000,0x00000000ab9a3da0,0x00000000ae800000)
 Metaspace       used 65866K, capacity 68068K, committed 68392K, reserved 1107968K
  class space    used 8916K, capacity 9429K, committed 9520K, reserved 1048576K

